<?xml version="1.0" encoding="UTF-8"?>
<testsuite name="com.example.userservice.user.repository.UserRepositoryTest" tests="8" skipped="0" failures="0" errors="0" timestamp="2025-03-11T11:09:48.110Z" hostname="CaoileannsMac.local" time="0.242">
  <properties/>
  <testcase name="findByExactEmailShouldReturnEmptyForEmptyEmail()" classname="com.example.userservice.user.repository.UserRepositoryTest" time="0.208"/>
  <testcase name="findByExactEmailShouldReturnUserWhenFound()" classname="com.example.userservice.user.repository.UserRepositoryTest" time="0.023"/>
  <testcase name="isEmailUniqueShouldReturnTrueForEmptyEmail()" classname="com.example.userservice.user.repository.UserRepositoryTest" time="0.001"/>
  <testcase name="isEmailUniqueShouldReturnFalseWhenEmailExists()" classname="com.example.userservice.user.repository.UserRepositoryTest" time="0.001"/>
  <testcase name="findByExactEmailShouldReturnEmptyWhenNotFound()" classname="com.example.userservice.user.repository.UserRepositoryTest" time="0.001"/>
  <testcase name="isEmailUniqueShouldHandleInvalidUserId()" classname="com.example.userservice.user.repository.UserRepositoryTest" time="0.001"/>
  <testcase name="isEmailUniqueShouldReturnTrueWhenEmailDoesNotExist()" classname="com.example.userservice.user.repository.UserRepositoryTest" time="0.001"/>
  <testcase name="isEmailUniqueShouldExcludeUserWhenIdProvided()" classname="com.example.userservice.user.repository.UserRepositoryTest" time="0.001"/>
  <system-out><![CDATA[]]></system-out>
  <system-err><![CDATA[]]></system-err>
</testsuite>
