<?xml version="1.0" encoding="UTF-8"?>
<testsuite name="com.example.userservice.user.model.UserTest" tests="1" skipped="0" failures="0" errors="0" timestamp="2025-03-07T16:14:35.811Z" hostname="CaoileannsMac.local" time="0.152">
  <properties/>
  <testcase name="shouldRejectEmptyName()" classname="com.example.userservice.user.model.UserTest" time="0.152"/>
  <system-out><![CDATA[16:14:35.868 [Test worker] INFO org.hibernate.validator.internal.util.Version -- HV000001: Hibernate Validator 8.0.1.Final
]]></system-out>
  <system-err><![CDATA[]]></system-err>
</testsuite>
