<?xml version="1.0" encoding="UTF-8"?>
<testsuite name="com.example.userservice.user.controller.UserControllerTest" tests="15" skipped="0" failures="0" errors="0" timestamp="2025-03-11T11:09:47.831Z" hostname="CaoileannsMac.local" time="0.189">
  <properties/>
  <testcase name="createUserShouldReturn409WhenEmailAlreadyExists()" classname="com.example.userservice.user.controller.UserControllerTest" time="0.099"/>
  <testcase name="updateUserShouldReturnUpdatedUser()" classname="com.example.userservice.user.controller.UserControllerTest" time="0.03"/>
  <testcase name="getUserByIdShouldReturnUser()" classname="com.example.userservice.user.controller.UserControllerTest" time="0.004"/>
  <testcase name="deleteUserShouldReturn204()" classname="com.example.userservice.user.controller.UserControllerTest" time="0.004"/>
  <testcase name="getUsersWithEmailShouldReturn404WhenUserNotFound()" classname="com.example.userservice.user.controller.UserControllerTest" time="0.004"/>
  <testcase name="getUsersShouldReturnListOfUsers()" classname="com.example.userservice.user.controller.UserControllerTest" time="0.005"/>
  <testcase name="createUserShouldReturnCreatedUser()" classname="com.example.userservice.user.controller.UserControllerTest" time="0.004"/>
  <testcase name="patchUserShouldReturnUpdatedUser()" classname="com.example.userservice.user.controller.UserControllerTest" time="0.006"/>
  <testcase name="patchUserShouldReturn404WhenUserNotFound()" classname="com.example.userservice.user.controller.UserControllerTest" time="0.003"/>
  <testcase name="deleteUserShouldReturn404WhenUserNotFound()" classname="com.example.userservice.user.controller.UserControllerTest" time="0.003"/>
  <testcase name="getUsersWithEmailShouldReturnMatchingUser()" classname="com.example.userservice.user.controller.UserControllerTest" time="0.003"/>
  <testcase name="createUserShouldReturn400WithInvalidUser()" classname="com.example.userservice.user.controller.UserControllerTest" time="0.006"/>
  <testcase name="getUserByIdShouldReturn404WhenUserNotFound()" classname="com.example.userservice.user.controller.UserControllerTest" time="0.002"/>
  <testcase name="updateUserShouldReturn404WhenUserNotFound()" classname="com.example.userservice.user.controller.UserControllerTest" time="0.003"/>
  <testcase name="getUsersShouldReturnEmptyListWhenNoUsers()" classname="com.example.userservice.user.controller.UserControllerTest" time="0.003"/>
  <system-out><![CDATA[11:09:46.504 [Test worker] INFO org.springframework.test.context.support.AnnotationConfigContextLoaderUtils -- Could not detect default configuration classes for test class [com.example.userservice.user.controller.UserControllerTest]: UserControllerTest does not declare any static, non-private, non-final, nested classes annotated with @Configuration.
11:09:46.578 [Test worker] INFO org.springframework.boot.test.context.SpringBootTestContextBootstrapper -- Found @SpringBootConfiguration com.example.userservice.UserServiceApplication for test class com.example.userservice.user.controller.UserControllerTest

  .   ____          _            __ _ _
 /\\ / ___'_ __ _ _(_)_ __  __ _ \ \ \ \
( ( )\___ | '_ | '_| | '_ \/ _` | \ \ \ \
 \\/  ___)| |_)| | | | | || (_| |  ) ) ) )
  '  |____| .__|_| |_|_| |_\__, | / / / /
 =========|_|==============|___/=/_/_/_/
 :: Spring Boot ::                (v3.2.3)

{"@timestamp":"2025-03-11T11:09:46.82504Z","@version":"1","message":"HV000001: Hibernate Validator 8.0.1.Final","logger_name":"org.hibernate.validator.internal.util.Version","thread_name":"background-preinit","level":"INFO","level_value":20000}
{"@timestamp":"2025-03-11T11:09:46.837906Z","@version":"1","message":"Starting UserControllerTest using Java 21.0.6 with PID 39139 (started by matthew in /Users/matthew/dev/dev/hands-on-with-claude)","logger_name":"com.example.userservice.user.controller.UserControllerTest","thread_name":"Test worker","level":"INFO","level_value":20000}
{"@timestamp":"2025-03-11T11:09:46.83815Z","@version":"1","message":"Running with Spring Boot v3.2.3, Spring v6.1.4","logger_name":"com.example.userservice.user.controller.UserControllerTest","thread_name":"Test worker","level":"DEBUG","level_value":10000}
{"@timestamp":"2025-03-11T11:09:46.83848Z","@version":"1","message":"No active profile set, falling back to 1 default profile: \"default\"","logger_name":"com.example.userservice.user.controller.UserControllerTest","thread_name":"Test worker","level":"INFO","level_value":20000}
{"@timestamp":"2025-03-11T11:09:47.807538Z","@version":"1","message":"Filter 'requestResponseLoggingFilter' configured for use","logger_name":"com.example.userservice.config.RequestResponseLoggingFilter","thread_name":"Test worker","level":"DEBUG","level_value":10000}
{"@timestamp":"2025-03-11T11:09:47.810569Z","@version":"1","message":"Initializing Spring TestDispatcherServlet ''","logger_name":"org.springframework.boot.test.mock.web.SpringBootMockServletContext","thread_name":"Test worker","level":"INFO","level_value":20000}
{"@timestamp":"2025-03-11T11:09:47.810748Z","@version":"1","message":"Initializing Servlet ''","logger_name":"org.springframework.test.web.servlet.TestDispatcherServlet","thread_name":"Test worker","level":"INFO","level_value":20000}
{"@timestamp":"2025-03-11T11:09:47.811886Z","@version":"1","message":"Completed initialization in 1 ms","logger_name":"org.springframework.test.web.servlet.TestDispatcherServlet","thread_name":"Test worker","level":"INFO","level_value":20000}
{"@timestamp":"2025-03-11T11:09:47.826831Z","@version":"1","message":"Started UserControllerTest in 1.214 seconds (process running for 1.714)","logger_name":"com.example.userservice.user.controller.UserControllerTest","thread_name":"Test worker","level":"INFO","level_value":20000}
{"@timestamp":"2025-03-11T11:09:47.921685Z","@version":"1","message":"REST request to create User: User(id=null, name=John Doe, email=john.doe@example.com)","logger_name":"com.example.userservice.user.controller.UserController","thread_name":"Test worker","level":"DEBUG","level_value":10000}
{"@timestamp":"2025-03-11T11:09:47.924657Z","@version":"1","message":"REQUEST POST /api/v1/users: BODY={\"id\":null,\"name\":\"John Doe\",\"email\":\"john.doe@example.com\"}","logger_name":"com.example.userservice.config.RequestResponseLoggingFilter","thread_name":"Test worker","level":"DEBUG","level_value":10000}
{"@timestamp":"2025-03-11T11:09:47.92477Z","@version":"1","message":"RESPONSE for POST /api/v1/users: STATUS=409, EMPTY BODY","logger_name":"com.example.userservice.config.RequestResponseLoggingFilter","thread_name":"Test worker","level":"DEBUG","level_value":10000}
{"@timestamp":"2025-03-11T11:09:47.938078Z","@version":"1","message":"REST request to update User: 67d019fbc36706352cdf2112 with data: User(id=null, name=Updated User, email=updated.user@example.com)","logger_name":"com.example.userservice.user.controller.UserController","thread_name":"Test worker","level":"DEBUG","level_value":10000}
{"@timestamp":"2025-03-11T11:09:47.945042Z","@version":"1","message":"REQUEST PUT /api/v1/users/67d019fbc36706352cdf2112: BODY={\"id\":null,\"name\":\"Updated User\",\"email\":\"updated.user@example.com\"}","logger_name":"com.example.userservice.config.RequestResponseLoggingFilter","thread_name":"Test worker","level":"DEBUG","level_value":10000}
{"@timestamp":"2025-03-11T11:09:47.94518Z","@version":"1","message":"RESPONSE for PUT /api/v1/users/67d019fbc36706352cdf2112: STATUS=200, BODY={\"id\":{\"timestamp\":1741691387,\"date\":\"2025-03-11T11:09:47.000+00:00\"},\"name\":\"Updated User\",\"email\":\"updated.user@example.com\"}","logger_name":"com.example.userservice.config.RequestResponseLoggingFilter","thread_name":"Test worker","level":"DEBUG","level_value":10000}
{"@timestamp":"2025-03-11T11:09:47.965458Z","@version":"1","message":"REST request to get User by ID: 67d019fbc36706352cdf2114","logger_name":"com.example.userservice.user.controller.UserController","thread_name":"Test worker","level":"DEBUG","level_value":10000}
{"@timestamp":"2025-03-11T11:09:47.966024Z","@version":"1","message":"REQUEST GET /api/v1/users/67d019fbc36706352cdf2114: EMPTY BODY","logger_name":"com.example.userservice.config.RequestResponseLoggingFilter","thread_name":"Test worker","level":"DEBUG","level_value":10000}
{"@timestamp":"2025-03-11T11:09:47.966109Z","@version":"1","message":"RESPONSE for GET /api/v1/users/67d019fbc36706352cdf2114: STATUS=200, BODY={\"id\":{\"timestamp\":1741691387,\"date\":\"2025-03-11T11:09:47.000+00:00\"},\"name\":\"John Doe\",\"email\":\"john.doe@example.com\"}","logger_name":"com.example.userservice.config.RequestResponseLoggingFilter","thread_name":"Test worker","level":"DEBUG","level_value":10000}
{"@timestamp":"2025-03-11T11:09:47.970128Z","@version":"1","message":"REST request to delete User: 67d019fbc36706352cdf2116","logger_name":"com.example.userservice.user.controller.UserController","thread_name":"Test worker","level":"DEBUG","level_value":10000}
{"@timestamp":"2025-03-11T11:09:47.970769Z","@version":"1","message":"REQUEST DELETE /api/v1/users/67d019fbc36706352cdf2116: EMPTY BODY","logger_name":"com.example.userservice.config.RequestResponseLoggingFilter","thread_name":"Test worker","level":"DEBUG","level_value":10000}
{"@timestamp":"2025-03-11T11:09:47.970851Z","@version":"1","message":"RESPONSE for DELETE /api/v1/users/67d019fbc36706352cdf2116: STATUS=204, EMPTY BODY","logger_name":"com.example.userservice.config.RequestResponseLoggingFilter","thread_name":"Test worker","level":"DEBUG","level_value":10000}
{"@timestamp":"2025-03-11T11:09:47.974479Z","@version":"1","message":"REST request to get Users with email filter: nonexistent@example.com","logger_name":"com.example.userservice.user.controller.UserController","thread_name":"Test worker","level":"DEBUG","level_value":10000}
{"@timestamp":"2025-03-11T11:09:47.975047Z","@version":"1","message":"REQUEST GET /api/v1/users: EMPTY BODY","logger_name":"com.example.userservice.config.RequestResponseLoggingFilter","thread_name":"Test worker","level":"DEBUG","level_value":10000}
{"@timestamp":"2025-03-11T11:09:47.975132Z","@version":"1","message":"RESPONSE for GET /api/v1/users: STATUS=404, EMPTY BODY","logger_name":"com.example.userservice.config.RequestResponseLoggingFilter","thread_name":"Test worker","level":"DEBUG","level_value":10000}
{"@timestamp":"2025-03-11T11:09:47.978185Z","@version":"1","message":"REST request to get Users with email filter: null","logger_name":"com.example.userservice.user.controller.UserController","thread_name":"Test worker","level":"DEBUG","level_value":10000}
{"@timestamp":"2025-03-11T11:09:47.979459Z","@version":"1","message":"REQUEST GET /api/v1/users: EMPTY BODY","logger_name":"com.example.userservice.config.RequestResponseLoggingFilter","thread_name":"Test worker","level":"DEBUG","level_value":10000}
{"@timestamp":"2025-03-11T11:09:47.979548Z","@version":"1","message":"RESPONSE for GET /api/v1/users: STATUS=200, BODY=[{\"id\":{\"timestamp\":1741691387,\"date\":\"2025-03-11T11:09:47.000+00:00\"},\"name\":\"John Doe\",\"email\":\"john.doe@example.com\"},{\"id\":{\"timestamp\":1741691387,\"date\":\"2025-03-11T11:09:47.000+00:00\"},\"name\":\"Jane Smith\",\"email\":\"jane.smith@example.com\"}]","logger_name":"com.example.userservice.config.RequestResponseLoggingFilter","thread_name":"Test worker","level":"DEBUG","level_value":10000}
{"@timestamp":"2025-03-11T11:09:47.984339Z","@version":"1","message":"REST request to create User: User(id=null, name=New User, email=new.user@example.com)","logger_name":"com.example.userservice.user.controller.UserController","thread_name":"Test worker","level":"DEBUG","level_value":10000}
{"@timestamp":"2025-03-11T11:09:47.985053Z","@version":"1","message":"REQUEST POST /api/v1/users: BODY={\"id\":null,\"name\":\"New User\",\"email\":\"new.user@example.com\"}","logger_name":"com.example.userservice.config.RequestResponseLoggingFilter","thread_name":"Test worker","level":"DEBUG","level_value":10000}
{"@timestamp":"2025-03-11T11:09:47.985145Z","@version":"1","message":"RESPONSE for POST /api/v1/users: STATUS=201, BODY={\"id\":{\"timestamp\":1741691387,\"date\":\"2025-03-11T11:09:47.000+00:00\"},\"name\":\"New User\",\"email\":\"new.user@example.com\"}","logger_name":"com.example.userservice.config.RequestResponseLoggingFilter","thread_name":"Test worker","level":"DEBUG","level_value":10000}
{"@timestamp":"2025-03-11T11:09:47.991676Z","@version":"1","message":"REST request to patch User: 67d019fbc36706352cdf211f with fields: {name=Patched User}","logger_name":"com.example.userservice.user.controller.UserController","thread_name":"Test worker","level":"DEBUG","level_value":10000}
{"@timestamp":"2025-03-11T11:09:47.992218Z","@version":"1","message":"REQUEST PATCH /api/v1/users/67d019fbc36706352cdf211f: BODY={\"name\":\"Patched User\"}","logger_name":"com.example.userservice.config.RequestResponseLoggingFilter","thread_name":"Test worker","level":"DEBUG","level_value":10000}
{"@timestamp":"2025-03-11T11:09:47.992296Z","@version":"1","message":"RESPONSE for PATCH /api/v1/users/67d019fbc36706352cdf211f: STATUS=200, BODY={\"id\":{\"timestamp\":1741691387,\"date\":\"2025-03-11T11:09:47.000+00:00\"},\"name\":\"Patched User\",\"email\":\"john.doe@example.com\"}","logger_name":"com.example.userservice.config.RequestResponseLoggingFilter","thread_name":"Test worker","level":"DEBUG","level_value":10000}
{"@timestamp":"2025-03-11T11:09:47.995606Z","@version":"1","message":"REST request to patch User: 67d019fbc36706352cdf2123 with fields: {name=Patched User}","logger_name":"com.example.userservice.user.controller.UserController","thread_name":"Test worker","level":"DEBUG","level_value":10000}
{"@timestamp":"2025-03-11T11:09:47.996008Z","@version":"1","message":"REQUEST PATCH /api/v1/users/67d019fbc36706352cdf2123: BODY={\"name\":\"Patched User\"}","logger_name":"com.example.userservice.config.RequestResponseLoggingFilter","thread_name":"Test worker","level":"DEBUG","level_value":10000}
{"@timestamp":"2025-03-11T11:09:47.996076Z","@version":"1","message":"RESPONSE for PATCH /api/v1/users/67d019fbc36706352cdf2123: STATUS=404, EMPTY BODY","logger_name":"com.example.userservice.config.RequestResponseLoggingFilter","thread_name":"Test worker","level":"DEBUG","level_value":10000}
{"@timestamp":"2025-03-11T11:09:47.998906Z","@version":"1","message":"REST request to delete User: 67d019fbc36706352cdf2126","logger_name":"com.example.userservice.user.controller.UserController","thread_name":"Test worker","level":"DEBUG","level_value":10000}
{"@timestamp":"2025-03-11T11:09:47.999224Z","@version":"1","message":"REQUEST DELETE /api/v1/users/67d019fbc36706352cdf2126: EMPTY BODY","logger_name":"com.example.userservice.config.RequestResponseLoggingFilter","thread_name":"Test worker","level":"DEBUG","level_value":10000}
{"@timestamp":"2025-03-11T11:09:47.999302Z","@version":"1","message":"RESPONSE for DELETE /api/v1/users/67d019fbc36706352cdf2126: STATUS=404, EMPTY BODY","logger_name":"com.example.userservice.config.RequestResponseLoggingFilter","thread_name":"Test worker","level":"DEBUG","level_value":10000}
{"@timestamp":"2025-03-11T11:09:48.001699Z","@version":"1","message":"REST request to get Users with email filter: john.doe@example.com","logger_name":"com.example.userservice.user.controller.UserController","thread_name":"Test worker","level":"DEBUG","level_value":10000}
{"@timestamp":"2025-03-11T11:09:48.002429Z","@version":"1","message":"REQUEST GET /api/v1/users: EMPTY BODY","logger_name":"com.example.userservice.config.RequestResponseLoggingFilter","thread_name":"Test worker","level":"DEBUG","level_value":10000}
{"@timestamp":"2025-03-11T11:09:48.002507Z","@version":"1","message":"RESPONSE for GET /api/v1/users: STATUS=200, BODY=[{\"id\":{\"timestamp\":1741691388,\"date\":\"2025-03-11T11:09:48.000+00:00\"},\"name\":\"John Doe\",\"email\":\"john.doe@example.com\"}]","logger_name":"com.example.userservice.config.RequestResponseLoggingFilter","thread_name":"Test worker","level":"DEBUG","level_value":10000}
{"@timestamp":"2025-03-11T11:09:48.008946Z","@version":"1","message":"Resolved [org.springframework.web.bind.MethodArgumentNotValidException: Validation failed for argument [0] in public org.springframework.http.ResponseEntity<com.example.userservice.user.model.User> com.example.userservice.user.controller.UserController.createUser(com.example.userservice.user.model.User) with 3 errors: [Field error in object 'user' on field 'email': rejected value []; codes [NotBlank.user.email,NotBlank.email,NotBlank.java.lang.String,NotBlank]; arguments [org.springframework.context.support.DefaultMessageSourceResolvable: codes [user.email,email]; arguments []; default message [email]]; default message [Email is required]] [Field error in object 'user' on field 'name': rejected value []; codes [NotBlank.user.name,NotBlank.name,NotBlank.java.lang.String,NotBlank]; arguments [org.springframework.context.support.DefaultMessageSourceResolvable: codes [user.name,name]; arguments []; default message [name]]; default message [Name is required]] [Field error in object 'user' on field 'name': rejected value []; codes [Size.user.name,Size.name,Size.java.lang.String,Size]; arguments [org.springframework.context.support.DefaultMessageSourceResolvable: codes [user.name,name]; arguments []; default message [name],30,4]; default message [Name must be between 4 and 30 characters]] ]","logger_name":"org.springframework.web.servlet.mvc.support.DefaultHandlerExceptionResolver","thread_name":"Test worker","level":"WARN","level_value":30000}
{"@timestamp":"2025-03-11T11:09:48.00916Z","@version":"1","message":"REQUEST POST /api/v1/users: BODY={\"id\":null,\"name\":\"\",\"email\":\"\"}","logger_name":"com.example.userservice.config.RequestResponseLoggingFilter","thread_name":"Test worker","level":"DEBUG","level_value":10000}
{"@timestamp":"2025-03-11T11:09:48.009232Z","@version":"1","message":"RESPONSE for POST /api/v1/users: STATUS=400, EMPTY BODY","logger_name":"com.example.userservice.config.RequestResponseLoggingFilter","thread_name":"Test worker","level":"DEBUG","level_value":10000}
{"@timestamp":"2025-03-11T11:09:48.01208Z","@version":"1","message":"REST request to get User by ID: 67d019fcc36706352cdf212d","logger_name":"com.example.userservice.user.controller.UserController","thread_name":"Test worker","level":"DEBUG","level_value":10000}
{"@timestamp":"2025-03-11T11:09:48.012415Z","@version":"1","message":"REQUEST GET /api/v1/users/67d019fcc36706352cdf212d: EMPTY BODY","logger_name":"com.example.userservice.config.RequestResponseLoggingFilter","thread_name":"Test worker","level":"DEBUG","level_value":10000}
{"@timestamp":"2025-03-11T11:09:48.012478Z","@version":"1","message":"RESPONSE for GET /api/v1/users/67d019fcc36706352cdf212d: STATUS=404, EMPTY BODY","logger_name":"com.example.userservice.config.RequestResponseLoggingFilter","thread_name":"Test worker","level":"DEBUG","level_value":10000}
{"@timestamp":"2025-03-11T11:09:48.015807Z","@version":"1","message":"REST request to update User: 67d019fcc36706352cdf2130 with data: User(id=null, name=Updated User, email=updated.user@example.com)","logger_name":"com.example.userservice.user.controller.UserController","thread_name":"Test worker","level":"DEBUG","level_value":10000}
{"@timestamp":"2025-03-11T11:09:48.016207Z","@version":"1","message":"REQUEST PUT /api/v1/users/67d019fcc36706352cdf2130: BODY={\"id\":null,\"name\":\"Updated User\",\"email\":\"updated.user@example.com\"}","logger_name":"com.example.userservice.config.RequestResponseLoggingFilter","thread_name":"Test worker","level":"DEBUG","level_value":10000}
{"@timestamp":"2025-03-11T11:09:48.016279Z","@version":"1","message":"RESPONSE for PUT /api/v1/users/67d019fcc36706352cdf2130: STATUS=404, EMPTY BODY","logger_name":"com.example.userservice.config.RequestResponseLoggingFilter","thread_name":"Test worker","level":"DEBUG","level_value":10000}
{"@timestamp":"2025-03-11T11:09:48.018989Z","@version":"1","message":"REST request to get Users with email filter: null","logger_name":"com.example.userservice.user.controller.UserController","thread_name":"Test worker","level":"DEBUG","level_value":10000}
{"@timestamp":"2025-03-11T11:09:48.020317Z","@version":"1","message":"REQUEST GET /api/v1/users: EMPTY BODY","logger_name":"com.example.userservice.config.RequestResponseLoggingFilter","thread_name":"Test worker","level":"DEBUG","level_value":10000}
{"@timestamp":"2025-03-11T11:09:48.020399Z","@version":"1","message":"RESPONSE for GET /api/v1/users: STATUS=200, BODY=[]","logger_name":"com.example.userservice.config.RequestResponseLoggingFilter","thread_name":"Test worker","level":"DEBUG","level_value":10000}
]]></system-out>
  <system-err><![CDATA[WARNING: A Java agent has been loaded dynamically (/Users/matthew/.gradle/caches/modules-2/files-2.1/net.bytebuddy/byte-buddy-agent/1.14.12/be4984cb6fd1ef1d11f218a648889dfda44b8a15/byte-buddy-agent-1.14.12.jar)
WARNING: If a serviceability tool is in use, please run with -XX:+EnableDynamicAgentLoading to hide this warning
WARNING: If a serviceability tool is not in use, please run with -Djdk.instrument.traceUsage for more information
WARNING: Dynamic loading of agents will be disallowed by default in a future release
]]></system-err>
</testsuite>
